<?xml version="1.0" encoding="UTF-8"?>
<!-- Generated by org.testng.reporters.JUnitReportReporter -->
<testsuite skipped="0" hostname="DESKTOP-ONN44VL" name="testScripts.ValidateSearchResultsForMorganTownWV" tests="1" failures="0" timestamp="10 Apr 2018 04:44:51 GMT" time="63.809" errors="0">
  <testcase name="TC01_Validate_Search_Result" time="63.809" classname="testScripts.ValidateSearchResultsForMorganTownWV"/>
</testsuite> <!-- testScripts.ValidateSearchResultsForMorganTownWV -->
